============================= test session starts ==============================
platform linux -- Python 3.11.13, pytest-8.4.1, pluggy-1.6.0
rootdir: /app
plugins: anyio-4.9.0
collected 0 items / 1 error

==================================== ERRORS ====================================
_____________________ ERROR collecting tests/test_main.py ______________________
/usr/local/lib/python3.11/site-packages/starlette/testclient.py:44: in <module>
    import httpx
E   ModuleNotFoundError: No module named 'httpx'

During handling of the above exception, another exception occurred:
tests/test_main.py:2: in <module>
    from fastapi.testclient import TestClient
/usr/local/lib/python3.11/site-packages/fastapi/testclient.py:1: in <module>
    from starlette.testclient import TestClient as TestClient  # noqa
    ^^^^^^^^^^^^^^^^^^^^^^^^^^^^^^^^^^^^^^^^^^^^^^^^^^^^^^^^^
/usr/local/lib/python3.11/site-packages/starlette/testclient.py:46: in <module>
    raise RuntimeError(
E   RuntimeError: The starlette.testclient module requires the httpx package to be installed.
E   You can install this with:
E       $ pip install httpx
=========================== short test summary info ============================
ERROR tests/test_main.py - RuntimeError: The starlette.testclient module requ...
!!!!!!!!!!!!!!!!!!!! Interrupted: 1 error during collection !!!!!!!!!!!!!!!!!!!!
=============================== 1 error in 0.72s ===============================
